<?xml version="1.0" encoding="UTF-8"?>
<robot generator="Robot 6.0.2 (Python 3.11.2 on linux)" generated="20230327 11:33:43.706" rpa="false" schemaversion="3">
<suite id="s1" name="Atest" source="/home/bing/dev/go/my-go/src/test/atest">
<suite id="s1-s1" name="Main" source="/home/bing/dev/go/my-go/src/test/atest/main.robot">
<kw name="Create Session" library="RequestsLibrary" type="SETUP">
<arg>jsonplaceholder</arg>
<arg>http://127.0.0.1:8888/api</arg>
<doc>Create Session: create a HTTP session to a server</doc>
<msg timestamp="20230327 11:33:43.784" level="INFO">Creating Session using : alias=jsonplaceholder, url=http://127.0.0.1:8888/api, headers={},                     cookies={}, auth=None, timeout=None, proxies=None, verify=False,                     debug=0 </msg>
<status status="PASS" starttime="20230327 11:33:43.784" endtime="20230327 11:33:43.785"/>
</kw>
<test id="s1-s1-t1" name="Create User" line="11">
<kw name="Create Dictionary" library="BuiltIn">
<var>&amp;{data}</var>
<arg>name=iBaby</arg>
<doc>Creates and returns a dictionary based on the given ``items``.</doc>
<msg timestamp="20230327 11:33:43.785" level="INFO">&amp;{data} = { name=iBaby }</msg>
<status status="PASS" starttime="20230327 11:33:43.785" endtime="20230327 11:33:43.785"/>
</kw>
<kw name="POST On Session" library="RequestsLibrary">
<var>${resp}</var>
<arg>jsonplaceholder</arg>
<arg>/user</arg>
<arg>json=${data}</arg>
<arg>expected_status=anything</arg>
<doc>Sends a POST request on a previously created HTTP Session.</doc>
<msg timestamp="20230327 11:33:45.796" level="INFO">POST Request : url=http://127.0.0.1:8888/api/user 
 path_url=/api/user 
 headers={'User-Agent': 'python-requests/2.28.2', 'Accept-Encoding': 'gzip, deflate', 'Accept': '*/*', 'Connection': 'keep-alive', 'Content-Length': '17', 'Content-Type': 'application/json'} 
 body=b'{"name": "iBaby"}' 
 </msg>
<msg timestamp="20230327 11:33:45.797" level="INFO">POST Response : url=http://127.0.0.1:8888/api/user 
 status=504, reason=Gateway Timeout 
 headers={'Content-Type': 'text/plain; charset=utf-8', 'Traceparent': '00-d84ee37cdf0fc0e0202775c4c556c5c2-30407f4cbd03533f-00', 'X-Content-Type-Options': 'nosniff', 'Date': 'Mon, 27 Mar 2023 18:33:45 GMT', 'Content-Length': '68'} 
 body=rpc error: code = DeadlineExceeded desc = context deadline exceeded
 
 </msg>
<msg timestamp="20230327 11:33:45.797" level="INFO">${resp} = &lt;Response [504]&gt;</msg>
<status status="PASS" starttime="20230327 11:33:43.785" endtime="20230327 11:33:45.797"/>
</kw>
<kw name="Status Should Be" library="RequestsLibrary">
<arg>201</arg>
<arg>${resp}</arg>
<doc>Fails if response status code is different than the expected.</doc>
<msg timestamp="20230327 11:33:45.799" level="FAIL">Url: http://127.0.0.1:8888/api/user Expected status: 504 != 201</msg>
<status status="FAIL" starttime="20230327 11:33:45.798" endtime="20230327 11:33:46.016"/>
</kw>
<kw name="Dictionary Should Contain Key" library="Collections">
<arg>${resp.json()}</arg>
<arg>id</arg>
<doc>Fails if ``key`` is not found from ``dictionary``.</doc>
<status status="NOT RUN" starttime="20230327 11:33:46.016" endtime="20230327 11:33:46.016"/>
</kw>
<kw name="Get Value From Json" library="JSONLibrary">
<var>${id}</var>
<arg>${resp.json()}</arg>
<arg>id</arg>
<doc>Get Value From JSON using JSONPath</doc>
<status status="NOT RUN" starttime="20230327 11:33:46.017" endtime="20230327 11:33:46.017"/>
</kw>
<kw name="Set Global Variable" library="BuiltIn">
<arg>${USER_ID}</arg>
<arg>${id}[0]</arg>
<doc>Makes a variable available globally in all tests and suites.</doc>
<status status="NOT RUN" starttime="20230327 11:33:46.017" endtime="20230327 11:33:46.017"/>
</kw>
<kw name="Log To Console" library="BuiltIn">
<arg>${USER_ID}</arg>
<doc>Logs the given message to the console.</doc>
<status status="NOT RUN" starttime="20230327 11:33:46.018" endtime="20230327 11:33:46.018"/>
</kw>
<kw name="Log To Console" library="BuiltIn">
<arg>${resp.json()}</arg>
<doc>Logs the given message to the console.</doc>
<status status="NOT RUN" starttime="20230327 11:33:46.018" endtime="20230327 11:33:46.018"/>
</kw>
<status status="FAIL" starttime="20230327 11:33:43.785" endtime="20230327 11:33:46.019">Url: http://127.0.0.1:8888/api/user Expected status: 504 != 201</status>
</test>
<test id="s1-s1-t2" name="Get User" line="22">
<kw name="Log To Console" library="BuiltIn">
<arg>${USER_ID}</arg>
<doc>Logs the given message to the console.</doc>
<msg timestamp="20230327 11:33:46.023" level="FAIL">Variable '${USER_ID}' not found.</msg>
<status status="FAIL" starttime="20230327 11:33:46.020" endtime="20230327 11:33:46.023"/>
</kw>
<kw name="Set Variable" library="BuiltIn">
<var>${endpoint}</var>
<arg>/user/${USER_ID}</arg>
<doc>Returns the given values which can then be assigned to a variables.</doc>
<status status="NOT RUN" starttime="20230327 11:33:46.023" endtime="20230327 11:33:46.023"/>
</kw>
<kw name="GET On Session" library="RequestsLibrary">
<var>${resp}</var>
<arg>jsonplaceholder</arg>
<arg>${endpoint}</arg>
<doc>Sends a GET request on a previously created HTTP Session.</doc>
<status status="NOT RUN" starttime="20230327 11:33:46.024" endtime="20230327 11:33:46.024"/>
</kw>
<kw name="Should Be Equal As Strings" library="BuiltIn">
<arg>${resp.reason}</arg>
<arg>OK</arg>
<doc>Fails if objects are unequal after converting them to strings.</doc>
<status status="NOT RUN" starttime="20230327 11:33:46.024" endtime="20230327 11:33:46.024"/>
</kw>
<kw name="Log To Console" library="BuiltIn">
<arg>${resp.json()}</arg>
<doc>Logs the given message to the console.</doc>
<status status="NOT RUN" starttime="20230327 11:33:46.024" endtime="20230327 11:33:46.025"/>
</kw>
<status status="FAIL" starttime="20230327 11:33:46.020" endtime="20230327 11:33:46.025">Variable '${USER_ID}' not found.</status>
</test>
<test id="s1-s1-t3" name="Update User" line="29">
<kw name="Log To Console" library="BuiltIn">
<arg>${USER_ID}</arg>
<doc>Logs the given message to the console.</doc>
<msg timestamp="20230327 11:33:46.028" level="FAIL">Variable '${USER_ID}' not found.</msg>
<status status="FAIL" starttime="20230327 11:33:46.027" endtime="20230327 11:33:46.028"/>
</kw>
<kw name="Set Variable" library="BuiltIn">
<var>${endpoint}</var>
<arg>/user</arg>
<doc>Returns the given values which can then be assigned to a variables.</doc>
<status status="NOT RUN" starttime="20230327 11:33:46.029" endtime="20230327 11:33:46.029"/>
</kw>
<kw name="Create Dictionary" library="BuiltIn">
<var>&amp;{data}</var>
<arg>id=1 name=New Baby</arg>
<doc>Creates and returns a dictionary based on the given ``items``.</doc>
<status status="NOT RUN" starttime="20230327 11:33:46.029" endtime="20230327 11:33:46.029"/>
</kw>
<kw name="PUT On Session" library="RequestsLibrary">
<var>${resp}</var>
<arg>jsonplaceholder</arg>
<arg>${endpoint}</arg>
<arg>json=${data}</arg>
<arg>expected_status=anything</arg>
<doc>Sends a PUT request on a previously created HTTP Session.</doc>
<status status="NOT RUN" starttime="20230327 11:33:46.030" endtime="20230327 11:33:46.030"/>
</kw>
<kw name="Status Should Be" library="RequestsLibrary">
<arg>200</arg>
<arg>${resp}</arg>
<doc>Fails if response status code is different than the expected.</doc>
<status status="NOT RUN" starttime="20230327 11:33:46.030" endtime="20230327 11:33:46.030"/>
</kw>
<kw name="Dictionary Should Contain Key" library="Collections">
<arg>${resp.json()}</arg>
<arg>id</arg>
<doc>Fails if ``key`` is not found from ``dictionary``.</doc>
<status status="NOT RUN" starttime="20230327 11:33:46.030" endtime="20230327 11:33:46.030"/>
</kw>
<kw name="Log To Console" library="BuiltIn">
<arg>${resp.json()}</arg>
<doc>Logs the given message to the console.</doc>
<status status="NOT RUN" starttime="20230327 11:33:46.031" endtime="20230327 11:33:46.031"/>
</kw>
<status status="FAIL" starttime="20230327 11:33:46.026" endtime="20230327 11:33:46.031">Variable '${USER_ID}' not found.</status>
</test>
<test id="s1-s1-t4" name="Delete User" line="38">
<kw name="Set Variable" library="BuiltIn">
<var>${endpoint}</var>
<arg>/user/${USER_ID}</arg>
<doc>Returns the given values which can then be assigned to a variables.</doc>
<msg timestamp="20230327 11:33:46.034" level="FAIL">Variable '${USER_ID}' not found.</msg>
<status status="FAIL" starttime="20230327 11:33:46.033" endtime="20230327 11:33:46.034"/>
</kw>
<kw name="DELETE On Session" library="RequestsLibrary">
<var>${resp}</var>
<arg>jsonplaceholder</arg>
<arg>${endpoint}</arg>
<doc>Sends a DELETE request on a previously created HTTP Session.</doc>
<status status="NOT RUN" starttime="20230327 11:33:46.035" endtime="20230327 11:33:46.035"/>
</kw>
<kw name="Status Should Be" library="RequestsLibrary">
<arg>200</arg>
<arg>${resp}</arg>
<doc>Fails if response status code is different than the expected.</doc>
<status status="NOT RUN" starttime="20230327 11:33:46.035" endtime="20230327 11:33:46.035"/>
</kw>
<status status="FAIL" starttime="20230327 11:33:46.032" endtime="20230327 11:33:46.036">Variable '${USER_ID}' not found.</status>
</test>
<status status="FAIL" starttime="20230327 11:33:43.717" endtime="20230327 11:33:46.037"/>
</suite>
<status status="FAIL" starttime="20230327 11:33:43.706" endtime="20230327 11:33:46.039"/>
</suite>
<statistics>
<total>
<stat pass="0" fail="4" skip="0">All Tests</stat>
</total>
<tag>
</tag>
<suite>
<stat pass="0" fail="4" skip="0" id="s1" name="Atest">Atest</stat>
<stat pass="0" fail="4" skip="0" id="s1-s1" name="Main">Atest.Main</stat>
</suite>
</statistics>
<errors>
</errors>
</robot>
