<?xml version="1.0" encoding="UTF-8"?>
<robot generator="Robot 6.0.2 (Python 3.10.9 on linux)" generated="20230215 11:44:57.153" rpa="false" schemaversion="3">
<suite id="s1" name="Atest" source="/home/bing/dev/go/my-go/src/test/atest">
<suite id="s1-s1" name="Main" source="/home/bing/dev/go/my-go/src/test/atest/main.robot">
<kw name="Create Session" library="RequestsLibrary" type="SETUP">
<arg>jsonplaceholder</arg>
<arg>http://172.22.255.1:8081</arg>
<doc>Create Session: create a HTTP session to a server</doc>
<msg timestamp="20230215 11:44:57.753" level="INFO">Creating Session using : alias=jsonplaceholder, url=http://172.22.255.1:8081, headers={},                     cookies={}, auth=None, timeout=None, proxies=None, verify=False,                     debug=0 </msg>
<status status="PASS" starttime="20230215 11:44:57.753" endtime="20230215 11:44:57.753"/>
</kw>
<test id="s1-s1-t1" name="Create User" line="11">
<kw name="Create Dictionary" library="BuiltIn">
<var>&amp;{data}</var>
<arg>name=iBaby</arg>
<doc>Creates and returns a dictionary based on the given ``items``.</doc>
<msg timestamp="20230215 11:44:57.754" level="INFO">&amp;{data} = { name=iBaby }</msg>
<status status="PASS" starttime="20230215 11:44:57.754" endtime="20230215 11:44:57.754"/>
</kw>
<kw name="POST On Session" library="RequestsLibrary">
<var>${resp}</var>
<arg>jsonplaceholder</arg>
<arg>/users</arg>
<arg>json=${data}</arg>
<arg>expected_status=anything</arg>
<doc>Sends a POST request on a previously created HTTP Session.</doc>
<msg timestamp="20230215 11:44:57.769" level="INFO">POST Request : url=http://172.22.255.1:8081/users 
 path_url=/users 
 headers={'User-Agent': 'python-requests/2.28.2', 'Accept-Encoding': 'gzip, deflate', 'Accept': '*/*', 'Connection': 'keep-alive', 'Content-Length': '17', 'Content-Type': 'application/json'} 
 body=b'{"name": "iBaby"}' 
 </msg>
<msg timestamp="20230215 11:44:57.769" level="INFO">POST Response : url=http://172.22.255.1:8081/users 
 status=201, reason=Created 
 headers={'Content-Type': 'application/json; charset=UTF-8', 'Vary': 'Origin', 'Date': 'Wed, 15 Feb 2023 19:44:57 GMT', 'Content-Length': '26'} 
 body={"id":179,"name":"iBaby"}
 
 </msg>
<msg timestamp="20230215 11:44:57.769" level="INFO">${resp} = &lt;Response [201]&gt;</msg>
<status status="PASS" starttime="20230215 11:44:57.755" endtime="20230215 11:44:57.769"/>
</kw>
<kw name="Status Should Be" library="RequestsLibrary">
<arg>201</arg>
<arg>${resp}</arg>
<doc>Fails if response status code is different than the expected.</doc>
<status status="PASS" starttime="20230215 11:44:57.769" endtime="20230215 11:44:57.770"/>
</kw>
<kw name="Dictionary Should Contain Key" library="Collections">
<arg>${resp.json()}</arg>
<arg>id</arg>
<doc>Fails if ``key`` is not found from ``dictionary``.</doc>
<status status="PASS" starttime="20230215 11:44:57.770" endtime="20230215 11:44:57.771"/>
</kw>
<kw name="Get Value From Json" library="JSONLibrary">
<var>${id}</var>
<arg>${resp.json()}</arg>
<arg>id</arg>
<doc>Get Value From JSON using JSONPath</doc>
<msg timestamp="20230215 11:44:57.800" level="INFO">${id} = [179]</msg>
<status status="PASS" starttime="20230215 11:44:57.771" endtime="20230215 11:44:57.801"/>
</kw>
<kw name="Set Global Variable" library="BuiltIn">
<arg>${USER_ID}</arg>
<arg>${id}[0]</arg>
<doc>Makes a variable available globally in all tests and suites.</doc>
<msg timestamp="20230215 11:44:57.802" level="INFO">${USER_ID} = 179</msg>
<status status="PASS" starttime="20230215 11:44:57.801" endtime="20230215 11:44:57.802"/>
</kw>
<kw name="Log To Console" library="BuiltIn">
<arg>${USER_ID}</arg>
<doc>Logs the given message to the console.</doc>
<status status="PASS" starttime="20230215 11:44:57.802" endtime="20230215 11:44:57.802"/>
</kw>
<kw name="Log To Console" library="BuiltIn">
<arg>${resp.json()}</arg>
<doc>Logs the given message to the console.</doc>
<status status="PASS" starttime="20230215 11:44:57.802" endtime="20230215 11:44:57.803"/>
</kw>
<status status="PASS" starttime="20230215 11:44:57.753" endtime="20230215 11:44:57.803"/>
</test>
<test id="s1-s1-t2" name="Get User" line="22">
<kw name="Log To Console" library="BuiltIn">
<arg>${USER_ID}</arg>
<doc>Logs the given message to the console.</doc>
<status status="PASS" starttime="20230215 11:44:57.803" endtime="20230215 11:44:57.803"/>
</kw>
<kw name="Set Variable" library="BuiltIn">
<var>${endpoint}</var>
<arg>/users/${USER_ID}</arg>
<doc>Returns the given values which can then be assigned to a variables.</doc>
<msg timestamp="20230215 11:44:57.804" level="INFO">${endpoint} = /users/179</msg>
<status status="PASS" starttime="20230215 11:44:57.804" endtime="20230215 11:44:57.804"/>
</kw>
<kw name="GET On Session" library="RequestsLibrary">
<var>${resp}</var>
<arg>jsonplaceholder</arg>
<arg>${endpoint}</arg>
<doc>Sends a GET request on a previously created HTTP Session.</doc>
<msg timestamp="20230215 11:44:57.809" level="INFO">GET Request : url=http://172.22.255.1:8081/users/179 
 path_url=/users/179 
 headers={'User-Agent': 'python-requests/2.28.2', 'Accept-Encoding': 'gzip, deflate', 'Accept': '*/*', 'Connection': 'keep-alive'} 
 body=None 
 </msg>
<msg timestamp="20230215 11:44:57.809" level="INFO">GET Response : url=http://172.22.255.1:8081/users/179 
 status=200, reason=OK 
 headers={'Content-Type': 'application/json; charset=UTF-8', 'Vary': 'Origin', 'Date': 'Wed, 15 Feb 2023 19:44:57 GMT', 'Content-Length': '26'} 
 body={"id":179,"name":"iBaby"}
 
 </msg>
<msg timestamp="20230215 11:44:57.809" level="INFO">${resp} = &lt;Response [200]&gt;</msg>
<status status="PASS" starttime="20230215 11:44:57.804" endtime="20230215 11:44:57.809"/>
</kw>
<kw name="Should Be Equal As Strings" library="BuiltIn">
<arg>${resp.reason}</arg>
<arg>OK</arg>
<doc>Fails if objects are unequal after converting them to strings.</doc>
<status status="PASS" starttime="20230215 11:44:57.809" endtime="20230215 11:44:57.809"/>
</kw>
<kw name="Log To Console" library="BuiltIn">
<arg>${resp.json()}</arg>
<doc>Logs the given message to the console.</doc>
<status status="PASS" starttime="20230215 11:44:57.809" endtime="20230215 11:44:57.810"/>
</kw>
<status status="PASS" starttime="20230215 11:44:57.803" endtime="20230215 11:44:57.810"/>
</test>
<test id="s1-s1-t3" name="Update User" line="29">
<kw name="Log To Console" library="BuiltIn">
<arg>${USER_ID}</arg>
<doc>Logs the given message to the console.</doc>
<status status="PASS" starttime="20230215 11:44:57.810" endtime="20230215 11:44:57.810"/>
</kw>
<kw name="Set Variable" library="BuiltIn">
<var>${endpoint}</var>
<arg>/users/${USER_ID}</arg>
<doc>Returns the given values which can then be assigned to a variables.</doc>
<msg timestamp="20230215 11:44:57.811" level="INFO">${endpoint} = /users/179</msg>
<status status="PASS" starttime="20230215 11:44:57.811" endtime="20230215 11:44:57.811"/>
</kw>
<kw name="Create Dictionary" library="BuiltIn">
<var>&amp;{data}</var>
<arg>name=New Baby</arg>
<doc>Creates and returns a dictionary based on the given ``items``.</doc>
<msg timestamp="20230215 11:44:57.811" level="INFO">&amp;{data} = { name=New Baby }</msg>
<status status="PASS" starttime="20230215 11:44:57.811" endtime="20230215 11:44:57.811"/>
</kw>
<kw name="PUT On Session" library="RequestsLibrary">
<var>${resp}</var>
<arg>jsonplaceholder</arg>
<arg>${endpoint}</arg>
<arg>json=${data}</arg>
<arg>expected_status=anything</arg>
<doc>Sends a PUT request on a previously created HTTP Session.</doc>
<msg timestamp="20230215 11:44:57.815" level="INFO">PUT Request : url=http://172.22.255.1:8081/users/179 
 path_url=/users/179 
 headers={'User-Agent': 'python-requests/2.28.2', 'Accept-Encoding': 'gzip, deflate', 'Accept': '*/*', 'Connection': 'keep-alive', 'Content-Length': '20', 'Content-Type': 'application/json'} 
 body=b'{"name": "New Baby"}' 
 </msg>
<msg timestamp="20230215 11:44:57.815" level="INFO">PUT Response : url=http://172.22.255.1:8081/users/179 
 status=200, reason=OK 
 headers={'Content-Type': 'application/json; charset=UTF-8', 'Vary': 'Origin', 'Date': 'Wed, 15 Feb 2023 19:44:57 GMT', 'Content-Length': '29'} 
 body={"id":179,"name":"New Baby"}
 
 </msg>
<msg timestamp="20230215 11:44:57.815" level="INFO">${resp} = &lt;Response [200]&gt;</msg>
<status status="PASS" starttime="20230215 11:44:57.811" endtime="20230215 11:44:57.815"/>
</kw>
<kw name="Status Should Be" library="RequestsLibrary">
<arg>200</arg>
<arg>${resp}</arg>
<doc>Fails if response status code is different than the expected.</doc>
<status status="PASS" starttime="20230215 11:44:57.815" endtime="20230215 11:44:57.815"/>
</kw>
<kw name="Dictionary Should Contain Key" library="Collections">
<arg>${resp.json()}</arg>
<arg>id</arg>
<doc>Fails if ``key`` is not found from ``dictionary``.</doc>
<status status="PASS" starttime="20230215 11:44:57.815" endtime="20230215 11:44:57.816"/>
</kw>
<kw name="Log To Console" library="BuiltIn">
<arg>${resp.json()}</arg>
<doc>Logs the given message to the console.</doc>
<status status="PASS" starttime="20230215 11:44:57.816" endtime="20230215 11:44:57.816"/>
</kw>
<status status="PASS" starttime="20230215 11:44:57.810" endtime="20230215 11:44:57.816"/>
</test>
<test id="s1-s1-t4" name="Delete User" line="38">
<kw name="Set Variable" library="BuiltIn">
<var>${endpoint}</var>
<arg>/users/${USER_ID}</arg>
<doc>Returns the given values which can then be assigned to a variables.</doc>
<msg timestamp="20230215 11:44:57.817" level="INFO">${endpoint} = /users/179</msg>
<status status="PASS" starttime="20230215 11:44:57.817" endtime="20230215 11:44:57.817"/>
</kw>
<kw name="DELETE On Session" library="RequestsLibrary">
<var>${resp}</var>
<arg>jsonplaceholder</arg>
<arg>${endpoint}</arg>
<doc>Sends a DELETE request on a previously created HTTP Session.</doc>
<msg timestamp="20230215 11:44:57.820" level="INFO">DELETE Request : url=http://172.22.255.1:8081/users/179 
 path_url=/users/179 
 headers={'User-Agent': 'python-requests/2.28.2', 'Accept-Encoding': 'gzip, deflate', 'Accept': '*/*', 'Connection': 'keep-alive', 'Content-Length': '0'} 
 body=None 
 </msg>
<msg timestamp="20230215 11:44:57.820" level="INFO">DELETE Response : url=http://172.22.255.1:8081/users/179 
 status=200, reason=OK 
 headers={'Content-Type': 'application/json; charset=UTF-8', 'Vary': 'Origin', 'Date': 'Wed, 15 Feb 2023 19:44:57 GMT', 'Content-Length': '19'} 
 body={"id":0,"name":""}
 
 </msg>
<msg timestamp="20230215 11:44:57.820" level="INFO">${resp} = &lt;Response [200]&gt;</msg>
<status status="PASS" starttime="20230215 11:44:57.817" endtime="20230215 11:44:57.820"/>
</kw>
<kw name="Status Should Be" library="RequestsLibrary">
<arg>200</arg>
<arg>${resp}</arg>
<doc>Fails if response status code is different than the expected.</doc>
<status status="PASS" starttime="20230215 11:44:57.820" endtime="20230215 11:44:57.820"/>
</kw>
<status status="PASS" starttime="20230215 11:44:57.816" endtime="20230215 11:44:57.820"/>
</test>
<status status="PASS" starttime="20230215 11:44:57.290" endtime="20230215 11:44:57.821"/>
</suite>
<status status="PASS" starttime="20230215 11:44:57.155" endtime="20230215 11:44:57.821"/>
</suite>
<statistics>
<total>
<stat pass="4" fail="0" skip="0">All Tests</stat>
</total>
<tag>
</tag>
<suite>
<stat pass="4" fail="0" skip="0" id="s1" name="Atest">Atest</stat>
<stat pass="4" fail="0" skip="0" id="s1-s1" name="Main">Atest.Main</stat>
</suite>
</statistics>
<errors>
</errors>
</robot>
